Wed Jun 10 09:22:07 BST 2020  [debug] AvalonLogSystem initialized using logfile 'velocity.log'
Wed Jun 10 09:22:08 BST 2020   [info] ************************************************************** 
Wed Jun 10 09:22:08 BST 2020   [info] Starting Jakarta Velocity v1.4
Wed Jun 10 09:22:08 BST 2020   [info] RuntimeInstance initializing.
Wed Jun 10 09:22:08 BST 2020   [info] Default Properties File: org/apache/velocity/runtime/defaults/velocity.properties
Wed Jun 10 09:22:08 BST 2020   [info] Trying to use logger class org.apache.velocity.runtime.log.AvalonLogSystem
Wed Jun 10 09:22:08 BST 2020   [info] Using logger class org.apache.velocity.runtime.log.AvalonLogSystem
Wed Jun 10 09:22:08 BST 2020   [info] Default ResourceManager initializing. (class org.apache.velocity.runtime.resource.ResourceManagerImpl)
Wed Jun 10 09:22:08 BST 2020   [info] Resource Loader Instantiated: org.apache.velocity.runtime.resource.loader.FileResourceLoader
Wed Jun 10 09:22:08 BST 2020   [info] FileResourceLoader : initialization starting.
Wed Jun 10 09:22:08 BST 2020   [info] FileResourceLoader : adding path '/home/jjc62351/work/FE10B/FE10B-CS-IOC-01/FE10B-CS-IOC-01App/Db'
Wed Jun 10 09:22:08 BST 2020   [info] FileResourceLoader : adding path '/dls_sw/prod/R3.14.12.3/support/FE/6-11/FEApp/Db'
Wed Jun 10 09:22:08 BST 2020   [info] FileResourceLoader : adding path '/dls_sw/prod/R3.14.8.2/support/PT100/1-0/PT100App/Db'
Wed Jun 10 09:22:08 BST 2020   [info] FileResourceLoader : initialization complete.
Wed Jun 10 09:22:08 BST 2020   [info] ResourceCache : initialized. (class org.apache.velocity.runtime.resource.ResourceCacheImpl)
Wed Jun 10 09:22:08 BST 2020   [info] Default ResourceManager initialization complete.
Wed Jun 10 09:22:08 BST 2020   [info] Loaded System Directive: org.apache.velocity.runtime.directive.Literal
Wed Jun 10 09:22:08 BST 2020   [info] Loaded System Directive: org.apache.velocity.runtime.directive.Macro
Wed Jun 10 09:22:08 BST 2020   [info] Loaded System Directive: org.apache.velocity.runtime.directive.Parse
Wed Jun 10 09:22:08 BST 2020   [info] Loaded System Directive: org.apache.velocity.runtime.directive.Include
Wed Jun 10 09:22:08 BST 2020   [info] Loaded System Directive: org.apache.velocity.runtime.directive.Foreach
Wed Jun 10 09:22:08 BST 2020   [info] Created: 20 parsers.
Wed Jun 10 09:22:08 BST 2020   [info] Velocimacro : initialization starting.
Wed Jun 10 09:22:08 BST 2020   [info] Velocimacro : adding VMs from VM library template : VM_global_library.vm
Wed Jun 10 09:22:08 BST 2020  [error] ResourceManager : unable to find resource 'VM_global_library.vm' in any resource loader.
Wed Jun 10 09:22:08 BST 2020   [info] Velocimacro : error using  VM library template VM_global_library.vm : org.apache.velocity.exception.ResourceNotFoundException: Unable to find resource 'VM_global_library.vm'
Wed Jun 10 09:22:08 BST 2020   [info] Velocimacro :  VM library template macro registration complete.
Wed Jun 10 09:22:08 BST 2020   [info] Velocimacro : allowInline = true : VMs can be defined inline in templates
Wed Jun 10 09:22:08 BST 2020   [info] Velocimacro : allowInlineToOverride = false : VMs defined inline may NOT replace previous VM definitions
Wed Jun 10 09:22:08 BST 2020   [info] Velocimacro : allowInlineLocal = false : VMs defined inline will be  global in scope if allowed.
Wed Jun 10 09:22:08 BST 2020   [info] Velocimacro : messages on  : VM system will output logging messages
Wed Jun 10 09:22:08 BST 2020   [info] Velocimacro : autoload off  : VM system will not automatically reload global library macros
Wed Jun 10 09:22:08 BST 2020   [info] Velocimacro : initialization complete.
Wed Jun 10 09:22:08 BST 2020   [info] Velocity successfully started.
Wed Jun 10 09:22:08 BST 2020   [info] Velocimacro : added new VM : #pad( index ) : source = control.vm
Wed Jun 10 09:22:08 BST 2020   [info] ResourceManager : found control.vm with loader org.apache.velocity.runtime.resource.loader.FileResourceLoader
Wed Jun 10 09:22:08 BST 2020   [info] ResourceManager : found fe.vm with loader org.apache.velocity.runtime.resource.loader.FileResourceLoader
Wed Jun 10 09:22:08 BST 2020   [info] ResourceManager : found vacuumSpace-b-sub.vm with loader org.apache.velocity.runtime.resource.loader.FileResourceLoader
Wed Jun 10 09:22:08 BST 2020   [info] ResourceManager : found vacuumGauge-b-sub.vm with loader org.apache.velocity.runtime.resource.loader.FileResourceLoader
Wed Jun 10 09:22:08 BST 2020   [info] ResourceManager : found vacuumGauge-b-sub.vm with loader org.apache.velocity.runtime.resource.loader.FileResourceLoader
Wed Jun 10 09:22:08 BST 2020   [info] ResourceManager : found vacuumGauge-b-sub.vm with loader org.apache.velocity.runtime.resource.loader.FileResourceLoader
Wed Jun 10 09:22:08 BST 2020   [info] ResourceManager : found vacuumGauge-b-sub.vm with loader org.apache.velocity.runtime.resource.loader.FileResourceLoader
Wed Jun 10 09:22:08 BST 2020   [info] ResourceManager : found vacuumGauge-b-sub.vm with loader org.apache.velocity.runtime.resource.loader.FileResourceLoader
Wed Jun 10 09:22:08 BST 2020   [info] ResourceManager : found vacuumGauge-b-sub.vm with loader org.apache.velocity.runtime.resource.loader.FileResourceLoader
Wed Jun 10 09:22:08 BST 2020   [info] ResourceManager : found vacuumGauge-b-sub.vm with loader org.apache.velocity.runtime.resource.loader.FileResourceLoader
Wed Jun 10 09:22:08 BST 2020   [info] ResourceManager : found vacuumGauge-b-sub.vm with loader org.apache.velocity.runtime.resource.loader.FileResourceLoader
Wed Jun 10 09:22:08 BST 2020   [info] ResourceManager : found vacuumGauge-b-sub.vm with loader org.apache.velocity.runtime.resource.loader.FileResourceLoader
Wed Jun 10 09:22:08 BST 2020   [info] ResourceManager : found vacuumGauge-b-sub.vm with loader org.apache.velocity.runtime.resource.loader.FileResourceLoader
Wed Jun 10 09:22:08 BST 2020   [info] ResourceManager : found vacuumGauge-b-sub.vm with loader org.apache.velocity.runtime.resource.loader.FileResourceLoader
Wed Jun 10 09:22:08 BST 2020   [info] ResourceManager : found vacuumGauge-b-sub.vm with loader org.apache.velocity.runtime.resource.loader.FileResourceLoader
Wed Jun 10 09:22:08 BST 2020   [info] ResourceManager : found vacuumGauge-b-sub.vm with loader org.apache.velocity.runtime.resource.loader.FileResourceLoader
Wed Jun 10 09:22:08 BST 2020   [info] ResourceManager : found vacuumGauge-b-sub.vm with loader org.apache.velocity.runtime.resource.loader.FileResourceLoader
Wed Jun 10 09:22:08 BST 2020   [info] ResourceManager : found vacuumGauge-b-sub.vm with loader org.apache.velocity.runtime.resource.loader.FileResourceLoader
Wed Jun 10 09:22:08 BST 2020   [info] ResourceManager : found vacuumGauge-b-sub.vm with loader org.apache.velocity.runtime.resource.loader.FileResourceLoader
Wed Jun 10 09:22:08 BST 2020   [info] ResourceManager : found vacuumGauge-b-sub.vm with loader org.apache.velocity.runtime.resource.loader.FileResourceLoader
Wed Jun 10 09:22:08 BST 2020   [info] ResourceManager : found pump-sub.vm with loader org.apache.velocity.runtime.resource.loader.FileResourceLoader
Wed Jun 10 09:22:08 BST 2020   [info] ResourceManager : found valve-sub.vm with loader org.apache.velocity.runtime.resource.loader.FileResourceLoader
Wed Jun 10 09:22:08 BST 2020   [info] ResourceManager : found fast-valve-sub.vm with loader org.apache.velocity.runtime.resource.loader.FileResourceLoader
Wed Jun 10 09:22:08 BST 2020   [info] ResourceManager : found valve-sub.vm with loader org.apache.velocity.runtime.resource.loader.FileResourceLoader
Wed Jun 10 09:22:08 BST 2020   [info] ResourceManager : found mpsPermit-sub.vm with loader org.apache.velocity.runtime.resource.loader.FileResourceLoader
